2025-10-19 04:15:06.885: [INFO] VisibilityChanged: 0
2025-10-19 04:15:06.923: [INFO] RecordSyncInitDuration has_sync_been_enabled: 0 state: 0
2025-10-19 04:15:06.925: [INFO] RecordSyncInitDuration has_sync_been_enabled: 0 state: 0
2025-10-19 04:15:06.926: [INFO] RecordSyncInitDuration has_sync_been_enabled: 0 state: 0
2025-10-19 04:15:06.927: [INFO] RecordSyncInitDuration has_sync_been_enabled: 0 state: 0
2025-10-19 04:15:06.929: [INFO] RecordSyncInitDuration has_sync_been_enabled: 0 state: 0
2025-10-19 04:15:06.930: [INFO] RecordSyncInitDuration has_sync_been_enabled: 0 state: 0
2025-10-19 04:15:06.932: [INFO] RecordSyncInitDuration has_sync_been_enabled: 0 state: 0
2025-10-19 04:15:06.933: [INFO] RecordSyncInitDuration has_sync_been_enabled: 0 state: 0
2025-10-19 04:15:06.935: [INFO] RecordSyncInitDuration has_sync_been_enabled: 0 state: 0
2025-10-19 04:15:06.936: [INFO] RecordSyncInitDuration has_sync_been_enabled: 0 state: 0
2025-10-19 04:15:06.938: [INFO] RecordSyncInitDuration has_sync_been_enabled: 0 state: 0
2025-10-19 04:15:06.946: [INFO] BookmarkNodeAdded, ABU: 0
2025-10-19 04:15:06.946: [INFO] BookmarkNodeAdded, ABU: 0
2025-10-19 04:15:06.946: [INFO] BookmarkNodeAdded, ABU: 0
2025-10-19 04:15:06.946: [INFO] BookmarkNodeAdded, ABU: 0
2025-10-19 04:15:06.946: [INFO] BookmarkNodeAdded, ABU: 0
2025-10-19 04:15:06.946: [INFO] BookmarkModelLoaded, ids_reassigned: 0
2025-10-19 04:15:06.947: [INFO] OnDoneLoading sync enabled: 0
2025-10-19 04:15:07.006: [INFO] RecordSyncInitDuration has_sync_been_enabled: 0 state: 0
2025-10-19 04:54:52.914: [INFO] VisibilityChanged: 0
2025-10-19 04:54:52.959: [INFO] BookmarkNodeAdded, ABU: 0
2025-10-19 04:54:52.959: [INFO] BookmarkNodeAdded, ABU: 0
2025-10-19 04:54:52.959: [INFO] BookmarkNodeAdded, ABU: 0
2025-10-19 04:54:52.959: [INFO] BookmarkNodeAdded, ABU: 0
2025-10-19 04:54:52.959: [INFO] BookmarkNodeAdded, ABU: 0
2025-10-19 04:54:52.959: [INFO] BookmarkModelLoaded, ids_reassigned: 0
2025-10-19 04:54:52.959: [INFO] OnDoneLoading sync enabled: 0
2025-10-19 04:54:52.960: [INFO] RecordSyncInitDuration has_sync_been_enabled: 0 state: 0
